STAT: jconf successfully finalized
STAT: *** loading AM00 _default
Stat: init_phmm: Reading in HMM definition
Stat: rdhmmdef: ascii format HMM definition
Stat: rdhmmdef: limit check passed
Stat: check_hmm_restriction: an HMM with several arcs from initial state found: "sp"
Stat: rdhmmdef: this HMM requires multipath handling at decoding
Stat: rdhmmdef: no <SID> embedded
Stat: rdhmmdef: assign SID by the order of appearance
Stat: init_phmm: defined HMMs:    34
Stat: init_phmm: logical names:    34
Stat: init_phmm: base phones:    34 used in logical
Stat: init_phmm: finished reading HMM definitions
STAT: *** AM00 _default loaded
STAT: *** loading LM00 _default
Stat: init_voca: read 182671 words
Stat: init_ngram: reading in binary n-gram from julius/language_model_binary
Stat: ngram_read_bin: file version: 5
Stat: ngram_read_bin_v5: this is forward 3-gram file
stat: ngram_read_bin_v5: reading 1-gram
stat: ngram_read_bin_v5: reading 2-gram
stat: ngram_read_bin_v5: reading 3-gram
Stat: ngram_read_bin: making entry name index
Stat: init_ngram: found unknown word entry "<unk>"
Stat: init_ngram: finished reading n-gram
Stat: init_ngram: mapping dictonary words to n-gram entries
Warning: ngram_lookup: "esil" not exist in N-gram, treat as unknown
Warning: ngram_lookup: "esilews" not exist in N-gram, treat as unknown
Warning: ngram_lookup: "esilfc" not exist in N-gram, treat as unknown
Warning: ngram_lookup: "esilfc.com" not exist in N-gram, treat as unknown
Warning: ngram_lookup: "sil-s" not exist in N-gram, treat as unknown
Warning: ngram_lookup: "silbb" not exist in N-gram, treat as unknown
Warning: ngram_lookup: "siliba" not exist in N-gram, treat as unknown
Warning: ngram_lookup: "silsor" not exist in N-gram, treat as unknown
Warning: ngram_lookup: "sily" not exist in N-gram, treat as unknown
Warning: ngram_lookup: "silyol" not exist in N-gram, treat as unknown
Warning: ngram_lookup: "uusil" not exist in N-gram, treat as unknown
Warning: ngram_lookup: "!sil" not exist in N-gram, treat as unknown
Warning: ngram_lookup: "<s>" not exist in N-gram, treat as unknown
Warning: ngram_lookup: "</s>" not exist in N-gram, treat as unknown
Stat: init_ngram: finished word-to-ngram mapping
STAT: *** LM00 _default loaded
STAT: ------
STAT: All models are ready, go for final fusion
STAT: [1] create MFCC extraction instance(s)
STAT: *** create MFCC calculation modules from AM
STAT: AM 0 _default: create a new module MFCC01
STAT: 1 MFCC modules created
STAT: [2] create recognition processing instance(s) with AM and LM
STAT: composing recognizer instance SR00 _default (AM00 _default, LM00 _default)
STAT: Building HMM lexicon tree
STAT: lexicon size: 1671438 nodes
STAT: coordination check passed
STAT: make successor lists for unigram factoring
STAT: done
STAT:  1-gram factoring values has been pre-computed
STAT: SR00 _default composed
STAT: [3] initialize for acoustic HMM calculation
Stat: outprob_init: state-level mixture PDFs, use calc_mix()
Stat: addlog: generating addlog table (size = 1953 kB)
Stat: addlog: addlog table generated
STAT: [4] prepare MFCC storage(s)
STAT: All init successfully done

STAT: ###### initialize input device
----------------------- System Information begin ---------------------
JuliusLib rev.4.3.1 (fast)

Engine specification:
 -  Base setup   : fast
 -  Supported LM : DFA, N-gram, Word
 -  Extension    : WordsInt LibSndFile
 -  Compiled by  : gcc -O6 -fomit-frame-pointer

------------------------------------------------------------
Configuration of Modules

 Number of defined modules: AM=1, LM=1, SR=1

 Acoustic Model (with input parameter spec.):
 - AM00 "_default"
	hmmfilename=julius/../hmms/hmm9/hmmdefs

 Language Model:
 - LM00 "_default"
	vocabulary filename=julius/final_dict
	n-gram  filename=julius/language_model_binary (binary format)

 Recognizer:
 - SR00 "_default" (AM00, LM00)

------------------------------------------------------------
Speech Analysis Module(s)

[MFCC01]  for [AM00 _default]

 Acoustic analysis condition:
	       parameter = MFCC_0_D_N_Z (25 dim. from 12 cepstrum + c0, abs energy supressed with CMN)
	sample frequency = 16000 Hz
	   sample period =  625  (1 = 100ns)
	     window size =  400 samples (25.0 ms)
	     frame shift =  160 samples (10.0 ms)
	    pre-emphasis = 0.97
	    # filterbank = 24
	   cepst. lifter = 22
	      raw energy = False
	energy normalize = False
	    delta window = 2 frames (20.0 ms) around
	     hi freq cut = OFF
	     lo freq cut = OFF
	 zero mean frame = OFF
	       use power = OFF
	             CVN = OFF
	            VTLN = OFF

    spectral subtraction = off

 cep. mean normalization = yes, with per-utterance self mean
 cep. var. normalization = no

	 base setup from = Julius defaults

------------------------------------------------------------
Acoustic Model(s)

[AM00 "_default"]

 HMM Info:
    34 models, 99 states, 99 mpdfs, 99 Gaussians are defined
	      model type = context dependency handling OFF
      training parameter = MFCC_N_D_Z_0
	   vector length = 25
	number of stream = 1
	     stream info = [0-24]
	cov. matrix type = DIAGC
	   duration type = NULLD
	max mixture size = 1 Gaussians
     max length of model = 5 states
     logical base phones = 34
       model skip trans. = exist, require multi-path handling
      skippable models = sp (1 model(s))

 AM Parameters:
        Gaussian pruning = none (full computation)  (-gprune)
    short pause HMM name = "sp" specified, "sp" applied (physical)  (-sp)
  cross-word CD on pass1 = handle by approx. (use 3-best of same LC)
   sp transition penalty = -1.0

------------------------------------------------------------
Language Model(s)

[LM00 "_default"] type=n-gram

 N-gram info:
	            spec = 3-gram, forward (left-to-right)
	        OOV word = <unk>(id=32)
	        OOV size = 15 words in dict
	    wordset size = 179235
	  1-gram entries =     179235  (  1.4 MB)
	  2-gram entries =    2026095  ( 23.8 MB) (15% are valid contexts)
	  3-gram entries =     958584  (  9.4 MB)
	           pass1 = 2-gram in the forward n-gram

 Vocabulary Info:
        vocabulary size  = 182671 words, 1472878 models
        average word len = 8.1 models, 24.2 states
       maximum state num = 276 nodes per word
       transparent words = not exist
       words under class = not exist

 Parameters:
	(-silhead)head sil word = 182668: "<s> @0.000000 [] sil(sil)"
	(-siltail)tail sil word = 182669: "</s> @0.000000 [] sil(sil)"

------------------------------------------------------------
Recognizer(s)

[SR00 "_default"]  AM00 "_default"  +  LM00 "_default"

 Lexicon tree:
	 total node num = 1671438
	  root node num =    185
	(150 hi-freq. words are separated from tree lexicon)
	  leaf node num = 182671
	 fact. node num = 182671

 Inter-word N-gram cache: 
	root node to be cached = 152 / 185 (isolated only)
	word ends to be cached = 179235 (all)
	  max. allocation size = 108MB
	(-lmp)  pass1 LM weight = 5.0  ins. penalty = -1.0
	(-lmp2) pass2 LM weight = 6.0  ins. penalty = +0.0
	(-transp)trans. penalty = +0.0 per word
	(-cmalpha)CM alpha coef = 0.050000

 Search parameters: 
	    multi-path handling = yes, multi-path mode enabled
	(-b) trellis beam width = 400 (-1 or not specified - guessed)
	(-bs)score pruning thres= disabled
	(-n)search candidate num= 1
	(-s)  search stack size = 500
	(-m)    search overflow = after 2000 hypothesis poped
	        2nd pass method = searching sentence, generating N-best
	(-b2)  pass2 beam width = 30
	(-lookuprange)lookup range= 5  (tm-5 <= t <tm+5)
	(-sb)2nd scan beamthres = 80.0 (in logscore)
	(-n)        search till = 1 candidates found
	(-output)    and output = 1 candidates out of above
	 factoring score: 1-gram prob. (statically assigned beforehand)
	short pause segmentation = off
	fall back on search fail = off, returns search failure

------------------------------------------------------------
Decoding algorithm:

	1st pass input processing = buffered, batch
	1st pass method = 1-best approx. generating indexed trellis
	output word confidence measure based on search-time scores

------------------------------------------------------------
FrontEnd:

 Input stream:
	             input type = waveform
	           input source = waveform file
	          input filelist = (none, get file name from stdin)
	          sampling freq. = 16000 Hz required
	         threaded A/D-in = supported, off
	   zero frames stripping = on
	         silence cutting = off
	    long-term DC removal = off
	    long-term DC removal = off
	    level scaling factor = 1.00 (disabled)
	      reject short input = off
	      reject  long input = off

----------------------- System Information end -----------------------

Notice for feature extraction (01),
	*************************************************************
	* Cepstral mean normalization for batch decoding:           *
	* per-utterance mean will be computed and applied.          *
	*************************************************************
Stat: adin_sndfile: input speechfile: /media/ahmadnaufal/Data/set_5-20161205T084921Z/set_5/A067/A22LAM067H003.wav
Stat: adin_sndfile: input format = Microsoft WAV
Stat: adin_sndfile: input type = Signed 16 bit PCM
Stat: adin_sndfile: endian = file native endian
Stat: adin_sndfile: 16000 Hz, 1 channels
STAT: 90831 samples (5.68 sec.)
STAT: ### speech analysis (waveform -> MFCC)
Stat: adin_sndfile: input speechfile: /media/ahmadnaufal/Data/set_5-20161205T084921Z/set_5/A067/A22LAM067H012.wav
Stat: adin_sndfile: input format = Microsoft WAV
Stat: adin_sndfile: input type = Signed 16 bit PCM
Stat: adin_sndfile: endian = file native endian
Stat: adin_sndfile: 16000 Hz, 1 channels
STAT: 108825 samples (6.80 sec.)
STAT: ### speech analysis (waveform -> MFCC)
Stat: adin_sndfile: input speechfile: /media/ahmadnaufal/Data/set_5-20161205T084921Z/set_5/A067/A22LAM067H100.wav
Stat: adin_sndfile: input format = Microsoft WAV
Stat: adin_sndfile: input type = Signed 16 bit PCM
Stat: adin_sndfile: endian = file native endian
Stat: adin_sndfile: 16000 Hz, 1 channels
STAT: 141345 samples (8.83 sec.)
STAT: ### speech analysis (waveform -> MFCC)
Stat: adin_sndfile: input speechfile: /media/ahmadnaufal/Data/set_5-20161205T084921Z/set_5/A067/A22LAM067H201.wav
Stat: adin_sndfile: input format = Microsoft WAV
Stat: adin_sndfile: input type = Signed 16 bit PCM
Stat: adin_sndfile: endian = file native endian
Stat: adin_sndfile: 16000 Hz, 1 channels
STAT: 104510 samples (6.53 sec.)
STAT: ### speech analysis (waveform -> MFCC)
